::1 - - [29/Jun/2024:05:29:47 +0000] "POST / HTTP/1.1" 404 140 "-" "PostmanRuntime/7.38.0"
POST / 404 140 - 34.337 ms

::1 - - [29/Jun/2024:08:52:53 +0000] "PUT /api/updatetask HTTP/1.1" 200 17 "-" "PostmanRuntime/7.38.0"
::1 - - [29/Jun/2024:08:54:09 +0000] "PUT /api/updatetask HTTP/1.1" 200 17 "-" "PostmanRuntime/7.38.0"
::1 - - [29/Jun/2024:08:58:46 +0000] "PUT /api/updatetask HTTP/1.1" 200 17 "-" "PostmanRuntime/7.38.0"
::1 - - [29/Jun/2024:09:00:32 +0000] "PUT /api/updatetask HTTP/1.1" 400 885 "-" "PostmanRuntime/7.38.0"
::1 - - [29/Jun/2024:09:01:25 +0000] "PUT /api/updatetask HTTP/1.1" 400 314 "-" "PostmanRuntime/7.38.0"
::1 - - [29/Jun/2024:09:01:42 +0000] "PUT /api/updatetask HTTP/1.1" - - "-" "PostmanRuntime/7.38.0"
::1 - - [29/Jun/2024:09:02:39 +0000] "PUT /api/updatetask HTTP/1.1" - - "-" "PostmanRuntime/7.38.0"
::1 - - [29/Jun/2024:09:04:02 +0000] "PUT /api/updatetask HTTP/1.1" 400 38 "-" "PostmanRuntime/7.38.0"
::1 - - [29/Jun/2024:09:04:33 +0000] "PUT /api/updatetask HTTP/1.1" 400 38 "-" "PostmanRuntime/7.38.0"
::1 - - [29/Jun/2024:09:04:58 +0000] "PUT /api/updatetask HTTP/1.1" - - "-" "PostmanRuntime/7.38.0"
::1 - - [29/Jun/2024:09:05:45 +0000] "POST /api/createtask HTTP/1.1" 200 293 "-" "PostmanRuntime/7.38.0"
::1 - - [29/Jun/2024:09:11:36 +0000] "POST /api/createtask HTTP/1.1" 400 70 "-" "PostmanRuntime/7.38.0"
::1 - - [29/Jun/2024:09:11:49 +0000] "POST /api/createtask HTTP/1.1" 200 293 "-" "PostmanRuntime/7.38.0"
::1 - - [29/Jun/2024:09:15:32 +0000] "POST /api/createtask HTTP/1.1" 200 473 "-" "PostmanRuntime/7.38.0"
::1 - - [29/Jun/2024:09:15:39 +0000] "PUT /api/updatetask HTTP/1.1" 400 66 "-" "PostmanRuntime/7.38.0"
::1 - - [29/Jun/2024:09:15:57 +0000] "PUT /api/updatetask HTTP/1.1" 400 66 "-" "PostmanRuntime/7.38.0"
::1 - - [29/Jun/2024:09:16:49 +0000] "PUT /api/updatetask HTTP/1.1" 400 38 "-" "PostmanRuntime/7.38.0"
::1 - - [29/Jun/2024:09:17:05 +0000] "PUT /api/updatetask HTTP/1.1" 400 38 "-" "PostmanRuntime/7.38.0"
::1 - - [29/Jun/2024:09:18:10 +0000] "PUT /api/updatetask HTTP/1.1" 400 38 "-" "PostmanRuntime/7.38.0"
::1 - - [29/Jun/2024:09:18:55 +0000] "PUT /api/updatetask HTTP/1.1" 400 38 "-" "PostmanRuntime/7.38.0"
::1 - - [29/Jun/2024:09:19:51 +0000] "PUT /api/updatetask HTTP/1.1" 400 38 "-" "PostmanRuntime/7.38.0"
::1 - - [29/Jun/2024:09:20:13 +0000] "PUT /api/updatetask HTTP/1.1" 200 17 "-" "PostmanRuntime/7.38.0"
::1 - - [29/Jun/2024:11:43:17 +0000] "POST /api/createtask HTTP/1.1" 400 154 "-" "PostmanRuntime/7.38.0"
::1 - - [29/Jun/2024:11:43:34 +0000] "POST /api/createtask HTTP/1.1" 400 154 "-" "PostmanRuntime/7.38.0"
::1 - - [29/Jun/2024:11:43:39 +0000] "POST /api/createtask HTTP/1.1" 400 154 "-" "PostmanRuntime/7.38.0"
::1 - - [29/Jun/2024:11:45:41 +0000] "POST /api/createtask HTTP/1.1" 400 34 "-" "PostmanRuntime/7.38.0"
::1 - - [29/Jun/2024:11:47:20 +0000] "POST /api/createtask HTTP/1.1" 400 76 "-" "PostmanRuntime/7.38.0"
::1 - - [29/Jun/2024:11:47:22 +0000] "POST /api/createtask HTTP/1.1" 400 76 "-" "PostmanRuntime/7.38.0"
::1 - - [29/Jun/2024:11:48:18 +0000] "POST /api/createtask HTTP/1.1" 400 1140 "-" "PostmanRuntime/7.38.0"
::1 - - [29/Jun/2024:11:48:25 +0000] "POST /api/createtask HTTP/1.1" 400 34 "-" "PostmanRuntime/7.38.0"
::1 - - [29/Jun/2024:11:48:26 +0000] "POST /api/createtask HTTP/1.1" 400 103 "-" "PostmanRuntime/7.38.0"
::1 - - [29/Jun/2024:11:48:28 +0000] "POST /api/createtask HTTP/1.1" 400 103 "-" "PostmanRuntime/7.38.0"
::1 - - [29/Jun/2024:11:48:33 +0000] "POST /api/createtask HTTP/1.1" 400 103 "-" "PostmanRuntime/7.38.0"
::1 - - [29/Jun/2024:11:49:24 +0000] "POST /api/createtask HTTP/1.1" 400 103 "-" "PostmanRuntime/7.38.0"
::1 - - [29/Jun/2024:11:50:03 +0000] "POST /api/createtask HTTP/1.1" 400 103 "-" "PostmanRuntime/7.38.0"
::1 - - [29/Jun/2024:11:50:40 +0000] "POST /api/createtask HTTP/1.1" 400 103 "-" "PostmanRuntime/7.38.0"
::1 - - [29/Jun/2024:11:52:52 +0000] "POST /api/createtask HTTP/1.1" 400 103 "-" "PostmanRuntime/7.38.0"
::1 - - [29/Jun/2024:11:53:11 +0000] "POST /api/createtask HTTP/1.1" 400 167 "-" "PostmanRuntime/7.38.0"
::1 - - [29/Jun/2024:11:53:21 +0000] "POST /api/createtask HTTP/1.1" 400 103 "-" "PostmanRuntime/7.38.0"
::1 - - [29/Jun/2024:11:57:30 +0000] "POST /api/createtask HTTP/1.1" 400 103 "-" "PostmanRuntime/7.38.0"
::1 - - [29/Jun/2024:11:58:48 +0000] "POST /api/createtask HTTP/1.1" 400 34 "-" "PostmanRuntime/7.38.0"
::1 - - [29/Jun/2024:11:59:28 +0000] "POST /api/createtask HTTP/1.1" 400 34 "-" "PostmanRuntime/7.38.0"
::1 - - [29/Jun/2024:12:01:12 +0000] "POST /api/createtask HTTP/1.1" 200 232 "-" "PostmanRuntime/7.38.0"
::1 - - [29/Jun/2024:12:05:50 +0000] "PUT /api/updatetask HTTP/1.1" 200 4 "-" "PostmanRuntime/7.38.0"
::1 - - [29/Jun/2024:12:05:52 +0000] "PUT /api/updatetask HTTP/1.1" 200 4 "-" "PostmanRuntime/7.38.0"
::1 - - [29/Jun/2024:12:08:33 +0000] "PUT /api/updatetask HTTP/1.1" 200 4 "-" "PostmanRuntime/7.38.0"
::1 - - [29/Jun/2024:12:08:45 +0000] "PUT /api/updatetask HTTP/1.1" 200 4 "-" "PostmanRuntime/7.38.0"
::1 - - [29/Jun/2024:12:09:13 +0000] "PUT /api/updatetask HTTP/1.1" 200 234 "-" "PostmanRuntime/7.38.0"
::1 - - [29/Jun/2024:12:09:38 +0000] "PUT /api/updatetask HTTP/1.1" 200 234 "-" "PostmanRuntime/7.38.0"
::1 - - [29/Jun/2024:12:10:02 +0000] "PUT /api/updatetask HTTP/1.1" 200 231 "-" "PostmanRuntime/7.38.0"
